<?xml version="1.0" encoding="UTF-8"?>
<testng-results ignored="0" total="1" passed="1" failed="0" skipped="0">
  <reporter-output>
  </reporter-output>
  <suite started-at="2023-10-24T16:24:16 IST" name="All Test Suite" finished-at="2023-10-24T16:24:28 IST" duration-ms="12278">
    <groups>
    </groups>
    <test started-at="2023-10-24T16:24:16 IST" name="ChromeTest" finished-at="2023-10-24T16:24:28 IST" duration-ms="12278">
      <class name="TestCase.SampleTest">
        <test-method is-config="true" signature="beforeTestMethod()[pri:0, instance:TestCase.SampleTest@1a04f701]" started-at="2023-10-24T16:24:16 IST" name="beforeTestMethod" finished-at="2023-10-24T16:24:16 IST" duration-ms="250" status="PASS">
          <reporter-output>
          </reporter-output>
        </test-method> <!-- beforeTestMethod -->
        <test-method is-config="true" signature="beforeMethod(java.lang.String,java.lang.reflect.Method)[pri:0, instance:TestCase.SampleTest@1a04f701]" started-at="2023-10-24T16:24:16 IST" name="beforeMethod" finished-at="2023-10-24T16:24:25 IST" duration-ms="8416" status="PASS">
          <params>
            <param index="0">
              <value>
                <![CDATA[chrome]]>
              </value>
            </param>
            <param index="1">
              <value>
                <![CDATA[public void TestCase.SampleTest.sampleLogin()]]>
              </value>
            </param>
          </params>
          <reporter-output>
          </reporter-output>
        </test-method> <!-- beforeMethod -->
        <test-method signature="sampleLogin()[pri:0, instance:TestCase.SampleTest@1a04f701]" started-at="2023-10-24T16:24:25 IST" name="sampleLogin" finished-at="2023-10-24T16:24:27 IST" duration-ms="2001" status="PASS">
          <reporter-output>
          </reporter-output>
        </test-method> <!-- sampleLogin -->
        <test-method is-config="true" signature="afterMethod(org.testng.ITestResult)[pri:0, instance:TestCase.SampleTest@1a04f701]" started-at="2023-10-24T16:24:27 IST" name="afterMethod" finished-at="2023-10-24T16:24:28 IST" duration-ms="765" status="PASS">
          <params>
            <param index="0">
              <value>
                <![CDATA[[TestResult name=sampleLogin status=SUCCESS method=SampleTest.sampleLogin()[pri:0, instance:TestCase.SampleTest@1a04f701] output={null}]]]>
              </value>
            </param>
          </params>
          <reporter-output>
          </reporter-output>
        </test-method> <!-- afterMethod -->
        <test-method is-config="true" signature="afterTest()[pri:0, instance:TestCase.SampleTest@1a04f701]" started-at="2023-10-24T16:24:28 IST" name="afterTest" finished-at="2023-10-24T16:24:28 IST" duration-ms="802" status="PASS">
          <reporter-output>
          </reporter-output>
        </test-method> <!-- afterTest -->
      </class> <!-- TestCase.SampleTest -->
    </test> <!-- ChromeTest -->
  </suite> <!-- All Test Suite -->
</testng-results>
